

Started GET "/" for 127.0.0.1 at 2017-05-09 12:19:59 +0200
Processing by Rails::WelcomeController#index as HTML
  Rendered /home/biar/.rvm/gems/ruby-2.3.0/gems/railties-4.2.5.1/lib/rails/templates/rails/welcome/index.html.erb (1.7ms)
Completed 200 OK in 20ms (Views: 12.6ms | ActiveRecord: 0.0ms)


Started GET "/" for 127.0.0.1 at 2017-05-12 08:29:29 +0200
Processing by Rails::WelcomeController#index as HTML
  Rendered /home/biar/.rvm/gems/ruby-2.3.0/gems/railties-4.2.5.1/lib/rails/templates/rails/welcome/index.html.erb (1.9ms)
Completed 200 OK in 92ms (Views: 60.9ms | ActiveRecord: 0.0ms)


Started GET "/" for 127.0.0.1 at 2017-05-12 08:38:58 +0200
Processing by Rails::WelcomeController#index as HTML
  Rendered /home/biar/.rvm/gems/ruby-2.3.0/gems/railties-4.2.5.1/lib/rails/templates/rails/welcome/index.html.erb (0.1ms)
Completed 200 OK in 0ms (Views: 0.3ms | ActiveRecord: 0.0ms)
Started GET "/" for ::1 at 2017-05-12 16:55:40 +0200
DEPRECATION WARNING: ActiveRecord::Base.raise_in_transactional_callbacks= is deprecated, has no effect and will be removed without replacement. (called from block (3 levels) in <class:Railtie> at C:/RailsInstaller/Ruby2.2.0/lib/ruby/gems/2.2.0/gems/activerecord-5.0.2/lib/active_record/railtie.rb:113)
Processing by Rails::WelcomeController#index as HTML
  Parameters: {"internal"=>true}
  Rendering C:/RailsInstaller/Ruby2.2.0/lib/ruby/gems/2.2.0/gems/railties-5.0.2/lib/rails/templates/rails/welcome/index.html.erb
  Rendered C:/RailsInstaller/Ruby2.2.0/lib/ruby/gems/2.2.0/gems/railties-5.0.2/lib/rails/templates/rails/welcome/index.html.erb (26.0ms)
Completed 200 OK in 475ms (Views: 322.4ms | ActiveRecord: 0.0ms)


Started GET "/" for ::1 at 2017-05-23 19:49:54 +0200
DEPRECATION WARNING: ActiveRecord::Base.raise_in_transactional_callbacks= is deprecated, has no effect and will be removed without replacement. (called from block (3 levels) in <class:Railtie> at C:/Ruby23-x64/lib/ruby/gems/2.3.0/gems/activerecord-5.0.2/lib/active_record/railtie.rb:113)
Processing by Rails::WelcomeController#index as HTML
  Parameters: {"internal"=>true}
  Rendering C:/Ruby23-x64/lib/ruby/gems/2.3.0/gems/railties-5.0.2/lib/rails/templates/rails/welcome/index.html.erb
  Rendered C:/Ruby23-x64/lib/ruby/gems/2.3.0/gems/railties-5.0.2/lib/rails/templates/rails/welcome/index.html.erb (4.0ms)
Completed 200 OK in 80ms (Views: 48.5ms | ActiveRecord: 0.0ms)


Started GET "/" for 127.0.0.1 at 2017-05-23 20:39:37 +0200
DEPRECATION WARNING: ActiveRecord::Base.raise_in_transactional_callbacks= is deprecated, has no effect and will be removed without replacement. (called from block (3 levels) in <class:Railtie> at C:/Ruby23-x64/lib/ruby/gems/2.3.0/gems/activerecord-5.0.2/lib/active_record/railtie.rb:113)
Processing by Rails::WelcomeController#index as HTML
  Parameters: {"internal"=>true}
  Rendering C:/Ruby23-x64/lib/ruby/gems/2.3.0/gems/railties-5.0.2/lib/rails/templates/rails/welcome/index.html.erb
  Rendered C:/Ruby23-x64/lib/ruby/gems/2.3.0/gems/railties-5.0.2/lib/rails/templates/rails/welcome/index.html.erb (4.0ms)
Completed 200 OK in 63ms (Views: 31.5ms | ActiveRecord: 0.0ms)


